build/app/intermediates/manifest_merge_blame_file/release/manifest-merger-blame-release-report.txt
1<?xml version="1.0" encoding="utf-8"?>
2<manifest xmlns:android="http://schemas.android.com/apk/res/android"
3    package="com.mycompany.pawrapp"
4    android:versionCode="1"
5    android:versionName="1.0.0" >
6
7    <uses-sdk
8        android:minSdkVersion="23"
9        android:targetSdkVersion="34" />
10
11    <uses-permission android:name="android.permission.INTERNET" />
11-->src\main\AndroidManifest.xml:4:5-66
11-->src\main\AndroidManifest.xml:4:22-64
12    <uses-permission android:name="android.permission.WAKE_LOCK" />
12-->[:firebase_messaging] AndroidManifest.xml:8:5-68
12-->[:firebase_messaging] AndroidManifest.xml:8:22-65
13    <uses-permission android:name="android.permission.ACCESS_NETWORK_STATE" /> <!-- Permissions options for the `notification` group -->
13-->[:firebase_messaging] AndroidManifest.xml:9:5-79
13-->[:firebase_messaging] AndroidManifest.xml:9:22-76
14    <uses-permission android:name="android.permission.POST_NOTIFICATIONS" /> <!-- Required by older versions of Google Play services to create IID tokens -->
14-->[:firebase_messaging] AndroidManifest.xml:11:5-77
14-->[:firebase_messaging] AndroidManifest.xml:11:22-74
15    <uses-permission android:name="com.google.android.c2dm.permission.RECEIVE" />
15-->[com.google.firebase:firebase-messaging:24.0.3] AndroidManifest.xml:26:5-82
15-->[com.google.firebase:firebase-messaging:24.0.3] AndroidManifest.xml:26:22-79
16
17    <permission
17-->[androidx.core:core:1.13.1] AndroidManifest.xml:22:5-24:47
18        android:name="com.mycompany.pawrapp.DYNAMIC_RECEIVER_NOT_EXPORTED_PERMISSION"
18-->[androidx.core:core:1.13.1] AndroidManifest.xml:23:9-81
19        android:protectionLevel="signature" />
19-->[androidx.core:core:1.13.1] AndroidManifest.xml:24:9-44
20
21    <uses-permission android:name="com.mycompany.pawrapp.DYNAMIC_RECEIVER_NOT_EXPORTED_PERMISSION" />
21-->[androidx.core:core:1.13.1] AndroidManifest.xml:26:5-97
21-->[androidx.core:core:1.13.1] AndroidManifest.xml:26:22-94
22
23    <application
23-->src\main\AndroidManifest.xml:7:5-61:19
24        android:appComponentFactory="androidx.core.app.CoreComponentFactory"
24-->[androidx.core:core:1.13.1] AndroidManifest.xml:28:18-86
25        android:extractNativeLibs="false"
26        android:icon="@mipmap/ic_launcher"
26-->src\main\AndroidManifest.xml:10:9-43
27        android:label="PawR App"
27-->src\main\AndroidManifest.xml:8:9-33
28        android:requestLegacyExternalStorage="true" >
28-->src\main\AndroidManifest.xml:11:9-52
29        <activity
29-->src\main\AndroidManifest.xml:13:9-51:20
30            android:name="com.mycompany.pawrapp.MainActivity"
30-->src\main\AndroidManifest.xml:14:13-41
31            android:configChanges="orientation|keyboardHidden|keyboard|screenSize|smallestScreenSize|locale|layoutDirection|fontScale|screenLayout|density|uiMode"
31-->src\main\AndroidManifest.xml:18:13-163
32            android:exported="true"
32-->src\main\AndroidManifest.xml:15:13-36
33            android:hardwareAccelerated="true"
33-->src\main\AndroidManifest.xml:19:13-47
34            android:launchMode="singleTop"
34-->src\main\AndroidManifest.xml:16:13-43
35            android:theme="@style/LaunchTheme"
35-->src\main\AndroidManifest.xml:17:13-47
36            android:windowSoftInputMode="adjustResize" >
36-->src\main\AndroidManifest.xml:20:13-55
37
38            <!--
39                 Specifies an Android theme to apply to this Activity as soon as
40                 the Android process has started. This theme is visible to the user
41                 while the Flutter UI initializes. After that, this theme continues
42                 to determine the Window background behind the Flutter UI.
43            -->
44            <meta-data
44-->src\main\AndroidManifest.xml:25:13-28:17
45                android:name="io.flutter.embedding.android.NormalTheme"
45-->src\main\AndroidManifest.xml:26:15-70
46                android:resource="@style/NormalTheme" />
46-->src\main\AndroidManifest.xml:27:15-52
47            <!--
48                 Displays an Android View that continues showing the launch screen
49                 Drawable until Flutter paints its first frame, then this splash
50                 screen fades out. A splash screen is useful to avoid any visual
51                 gap between the end of Android's launch screen and the painting of
52                 Flutter's first frame.
53            -->
54            <meta-data
54-->src\main\AndroidManifest.xml:34:13-37:17
55                android:name="io.flutter.embedding.android.SplashScreenDrawable"
55-->src\main\AndroidManifest.xml:35:15-79
56                android:resource="@drawable/launch_background" />
56-->src\main\AndroidManifest.xml:36:15-61
57
58            <intent-filter>
58-->src\main\AndroidManifest.xml:38:13-41:29
59                <action android:name="android.intent.action.MAIN" />
59-->src\main\AndroidManifest.xml:39:17-68
59-->src\main\AndroidManifest.xml:39:25-66
60
61                <category android:name="android.intent.category.LAUNCHER" />
61-->src\main\AndroidManifest.xml:40:17-76
61-->src\main\AndroidManifest.xml:40:27-74
62            </intent-filter>
63            <!-- Deep linking -->
64            <meta-data
64-->src\main\AndroidManifest.xml:43:13-90
65                android:name="flutter_deeplinking_enabled"
65-->src\main\AndroidManifest.xml:43:24-66
66                android:value="true" />
66-->src\main\AndroidManifest.xml:43:67-87
67
68            <intent-filter android:autoVerify="true" >
68-->src\main\AndroidManifest.xml:44:13-49:29
68-->src\main\AndroidManifest.xml:44:28-53
69                <action android:name="android.intent.action.VIEW" />
69-->src\main\AndroidManifest.xml:45:17-69
69-->src\main\AndroidManifest.xml:45:25-66
70
71                <category android:name="android.intent.category.DEFAULT" />
71-->src\main\AndroidManifest.xml:46:17-76
71-->src\main\AndroidManifest.xml:46:27-73
72                <category android:name="android.intent.category.BROWSABLE" />
72-->src\main\AndroidManifest.xml:47:17-78
72-->src\main\AndroidManifest.xml:47:27-75
73
74                <data
74-->src\main\AndroidManifest.xml:48:17-77
75                    android:host="pawrapp.com"
75-->src\main\AndroidManifest.xml:48:48-74
76                    android:scheme="pawrapp" />
76-->src\main\AndroidManifest.xml:48:23-47
77            </intent-filter>
78        </activity>
79
80        <!--
81             Don't delete the meta-data below.
82             This is used by the Flutter tool to generate GeneratedPluginRegistrant.java
83        -->
84        <meta-data
84-->src\main\AndroidManifest.xml:55:9-57:33
85            android:name="flutterEmbedding"
85-->src\main\AndroidManifest.xml:56:13-44
86            android:value="2" />
86-->src\main\AndroidManifest.xml:57:13-30
87
88        <service
88-->[:cloud_functions] AndroidManifest.xml:8:9-12:19
89            android:name="com.google.firebase.components.ComponentDiscoveryService"
89-->[:cloud_functions] AndroidManifest.xml:8:18-89
90            android:directBootAware="true"
90-->[com.google.firebase:firebase-common:21.0.0] AndroidManifest.xml:32:13-43
91            android:exported="false" >
91-->[com.google.firebase:firebase-functions:21.0.0] AndroidManifest.xml:14:13-37
92            <meta-data
92-->[:cloud_functions] AndroidManifest.xml:9:13-11:85
93                android:name="com.google.firebase.components:io.flutter.plugins.firebase.functions.FlutterFirebaseAppRegistrar"
93-->[:cloud_functions] AndroidManifest.xml:10:17-128
94                android:value="com.google.firebase.components.ComponentRegistrar" />
94-->[:cloud_functions] AndroidManifest.xml:11:17-82
95            <meta-data
95-->[:firebase_messaging] AndroidManifest.xml:36:13-38:85
96                android:name="com.google.firebase.components:io.flutter.plugins.firebase.messaging.FlutterFirebaseAppRegistrar"
96-->[:firebase_messaging] AndroidManifest.xml:37:17-128
97                android:value="com.google.firebase.components.ComponentRegistrar" />
97-->[:firebase_messaging] AndroidManifest.xml:38:17-82
98            <meta-data
98-->[:firebase_core] AndroidManifest.xml:9:13-11:85
99                android:name="com.google.firebase.components:io.flutter.plugins.firebase.core.FlutterFirebaseCoreRegistrar"
99-->[:firebase_core] AndroidManifest.xml:10:17-124
100                android:value="com.google.firebase.components.ComponentRegistrar" />
100-->[:firebase_core] AndroidManifest.xml:11:17-82
101            <meta-data
101-->[com.google.firebase:firebase-functions:21.0.0] AndroidManifest.xml:15:13-17:85
102                android:name="com.google.firebase.components:com.google.firebase.functions.FirebaseFunctionsKtxRegistrar"
102-->[com.google.firebase:firebase-functions:21.0.0] AndroidManifest.xml:16:17-122
103                android:value="com.google.firebase.components.ComponentRegistrar" />
103-->[com.google.firebase:firebase-functions:21.0.0] AndroidManifest.xml:17:17-82
104            <meta-data
104-->[com.google.firebase:firebase-functions:21.0.0] AndroidManifest.xml:18:13-20:85
105                android:name="com.google.firebase.components:com.google.firebase.functions.FunctionsRegistrar"
105-->[com.google.firebase:firebase-functions:21.0.0] AndroidManifest.xml:19:17-111
106                android:value="com.google.firebase.components.ComponentRegistrar" />
106-->[com.google.firebase:firebase-functions:21.0.0] AndroidManifest.xml:20:17-82
107            <meta-data
107-->[com.google.firebase:firebase-messaging:24.0.3] AndroidManifest.xml:57:13-59:85
108                android:name="com.google.firebase.components:com.google.firebase.messaging.FirebaseMessagingKtxRegistrar"
108-->[com.google.firebase:firebase-messaging:24.0.3] AndroidManifest.xml:58:17-122
109                android:value="com.google.firebase.components.ComponentRegistrar" />
109-->[com.google.firebase:firebase-messaging:24.0.3] AndroidManifest.xml:59:17-82
110            <meta-data
110-->[com.google.firebase:firebase-messaging:24.0.3] AndroidManifest.xml:60:13-62:85
111                android:name="com.google.firebase.components:com.google.firebase.messaging.FirebaseMessagingRegistrar"
111-->[com.google.firebase:firebase-messaging:24.0.3] AndroidManifest.xml:61:17-119
112                android:value="com.google.firebase.components.ComponentRegistrar" />
112-->[com.google.firebase:firebase-messaging:24.0.3] AndroidManifest.xml:62:17-82
113            <meta-data
113-->[com.google.firebase:firebase-iid:21.1.0] AndroidManifest.xml:32:13-34:85
114                android:name="com.google.firebase.components:com.google.firebase.iid.Registrar"
114-->[com.google.firebase:firebase-iid:21.1.0] AndroidManifest.xml:33:17-96
115                android:value="com.google.firebase.components.ComponentRegistrar" />
115-->[com.google.firebase:firebase-iid:21.1.0] AndroidManifest.xml:34:17-82
116            <meta-data
116-->[com.google.firebase:firebase-installations:18.0.0] AndroidManifest.xml:15:13-17:85
117                android:name="com.google.firebase.components:com.google.firebase.installations.FirebaseInstallationsKtxRegistrar"
117-->[com.google.firebase:firebase-installations:18.0.0] AndroidManifest.xml:16:17-130
118                android:value="com.google.firebase.components.ComponentRegistrar" />
118-->[com.google.firebase:firebase-installations:18.0.0] AndroidManifest.xml:17:17-82
119            <meta-data
119-->[com.google.firebase:firebase-installations:18.0.0] AndroidManifest.xml:18:13-20:85
120                android:name="com.google.firebase.components:com.google.firebase.installations.FirebaseInstallationsRegistrar"
120-->[com.google.firebase:firebase-installations:18.0.0] AndroidManifest.xml:19:17-127
121                android:value="com.google.firebase.components.ComponentRegistrar" />
121-->[com.google.firebase:firebase-installations:18.0.0] AndroidManifest.xml:20:17-82
122            <meta-data
122-->[com.google.firebase:firebase-common-ktx:21.0.0] AndroidManifest.xml:12:13-14:85
123                android:name="com.google.firebase.components:com.google.firebase.ktx.FirebaseCommonLegacyRegistrar"
123-->[com.google.firebase:firebase-common-ktx:21.0.0] AndroidManifest.xml:13:17-116
124                android:value="com.google.firebase.components.ComponentRegistrar" />
124-->[com.google.firebase:firebase-common-ktx:21.0.0] AndroidManifest.xml:14:17-82
125            <meta-data
125-->[com.google.firebase:firebase-common:21.0.0] AndroidManifest.xml:35:13-37:85
126                android:name="com.google.firebase.components:com.google.firebase.FirebaseCommonKtxRegistrar"
126-->[com.google.firebase:firebase-common:21.0.0] AndroidManifest.xml:36:17-109
127                android:value="com.google.firebase.components.ComponentRegistrar" />
127-->[com.google.firebase:firebase-common:21.0.0] AndroidManifest.xml:37:17-82
128            <meta-data
128-->[com.google.firebase:firebase-datatransport:18.2.0] AndroidManifest.xml:25:13-27:85
129                android:name="com.google.firebase.components:com.google.firebase.datatransport.TransportRegistrar"
129-->[com.google.firebase:firebase-datatransport:18.2.0] AndroidManifest.xml:26:17-115
130                android:value="com.google.firebase.components.ComponentRegistrar" />
130-->[com.google.firebase:firebase-datatransport:18.2.0] AndroidManifest.xml:27:17-82
131        </service>
132        <service
132-->[:firebase_messaging] AndroidManifest.xml:14:9-17:72
133            android:name="io.flutter.plugins.firebase.messaging.FlutterFirebaseMessagingBackgroundService"
133-->[:firebase_messaging] AndroidManifest.xml:15:13-107
134            android:exported="false"
134-->[:firebase_messaging] AndroidManifest.xml:16:13-37
135            android:permission="android.permission.BIND_JOB_SERVICE" />
135-->[:firebase_messaging] AndroidManifest.xml:17:13-69
136        <service
136-->[:firebase_messaging] AndroidManifest.xml:18:9-24:19
137            android:name="io.flutter.plugins.firebase.messaging.FlutterFirebaseMessagingService"
137-->[:firebase_messaging] AndroidManifest.xml:19:13-97
138            android:exported="false" >
138-->[:firebase_messaging] AndroidManifest.xml:20:13-37
139            <intent-filter>
139-->[:firebase_messaging] AndroidManifest.xml:21:13-23:29
140                <action android:name="com.google.firebase.MESSAGING_EVENT" />
140-->[:firebase_messaging] AndroidManifest.xml:22:17-78
140-->[:firebase_messaging] AndroidManifest.xml:22:25-75
141            </intent-filter>
142        </service>
143
144        <receiver
144-->[:firebase_messaging] AndroidManifest.xml:26:9-33:20
145            android:name="io.flutter.plugins.firebase.messaging.FlutterFirebaseMessagingReceiver"
145-->[:firebase_messaging] AndroidManifest.xml:27:13-98
146            android:exported="true"
146-->[:firebase_messaging] AndroidManifest.xml:28:13-36
147            android:permission="com.google.android.c2dm.permission.SEND" >
147-->[:firebase_messaging] AndroidManifest.xml:29:13-73
148            <intent-filter>
148-->[:firebase_messaging] AndroidManifest.xml:30:13-32:29
149                <action android:name="com.google.android.c2dm.intent.RECEIVE" />
149-->[:firebase_messaging] AndroidManifest.xml:31:17-81
149-->[:firebase_messaging] AndroidManifest.xml:31:25-78
150            </intent-filter>
151        </receiver>
152
153        <provider
153-->[:firebase_messaging] AndroidManifest.xml:41:9-45:38
154            android:name="io.flutter.plugins.firebase.messaging.FlutterFirebaseMessagingInitProvider"
154-->[:firebase_messaging] AndroidManifest.xml:42:13-102
155            android:authorities="com.mycompany.pawrapp.flutterfirebasemessaginginitprovider"
155-->[:firebase_messaging] AndroidManifest.xml:43:13-88
156            android:exported="false"
156-->[:firebase_messaging] AndroidManifest.xml:44:13-37
157            android:initOrder="99" />
157-->[:firebase_messaging] AndroidManifest.xml:45:13-35
158
159        <receiver
159-->[com.google.firebase:firebase-messaging:24.0.3] AndroidManifest.xml:29:9-40:20
160            android:name="com.google.firebase.iid.FirebaseInstanceIdReceiver"
160-->[com.google.firebase:firebase-messaging:24.0.3] AndroidManifest.xml:30:13-78
161            android:exported="true"
161-->[com.google.firebase:firebase-messaging:24.0.3] AndroidManifest.xml:31:13-36
162            android:permission="com.google.android.c2dm.permission.SEND" >
162-->[com.google.firebase:firebase-messaging:24.0.3] AndroidManifest.xml:32:13-73
163            <intent-filter>
163-->[:firebase_messaging] AndroidManifest.xml:30:13-32:29
164                <action android:name="com.google.android.c2dm.intent.RECEIVE" />
164-->[:firebase_messaging] AndroidManifest.xml:31:17-81
164-->[:firebase_messaging] AndroidManifest.xml:31:25-78
165            </intent-filter>
166
167            <meta-data
167-->[com.google.firebase:firebase-messaging:24.0.3] AndroidManifest.xml:37:13-39:40
168                android:name="com.google.android.gms.cloudmessaging.FINISHED_AFTER_HANDLED"
168-->[com.google.firebase:firebase-messaging:24.0.3] AndroidManifest.xml:38:17-92
169                android:value="true" />
169-->[com.google.firebase:firebase-messaging:24.0.3] AndroidManifest.xml:39:17-37
170        </receiver>
171        <!--
172             FirebaseMessagingService performs security checks at runtime,
173             but set to not exported to explicitly avoid allowing another app to call it.
174        -->
175        <service
175-->[com.google.firebase:firebase-messaging:24.0.3] AndroidManifest.xml:46:9-53:19
176            android:name="com.google.firebase.messaging.FirebaseMessagingService"
176-->[com.google.firebase:firebase-messaging:24.0.3] AndroidManifest.xml:47:13-82
177            android:directBootAware="true"
177-->[com.google.firebase:firebase-messaging:24.0.3] AndroidManifest.xml:48:13-43
178            android:exported="false" >
178-->[com.google.firebase:firebase-messaging:24.0.3] AndroidManifest.xml:49:13-37
179            <intent-filter android:priority="-500" >
179-->[:firebase_messaging] AndroidManifest.xml:21:13-23:29
180                <action android:name="com.google.firebase.MESSAGING_EVENT" />
180-->[:firebase_messaging] AndroidManifest.xml:22:17-78
180-->[:firebase_messaging] AndroidManifest.xml:22:25-75
181            </intent-filter>
182        </service>
183
184        <activity
184-->[:url_launcher_android] AndroidManifest.xml:8:9-11:74
185            android:name="io.flutter.plugins.urllauncher.WebViewActivity"
185-->[:url_launcher_android] AndroidManifest.xml:9:13-74
186            android:exported="false"
186-->[:url_launcher_android] AndroidManifest.xml:10:13-37
187            android:theme="@android:style/Theme.NoTitleBar.Fullscreen" />
187-->[:url_launcher_android] AndroidManifest.xml:11:13-71
188
189        <uses-library
189-->[androidx.window:window:1.2.0] AndroidManifest.xml:23:9-25:40
190            android:name="androidx.window.extensions"
190-->[androidx.window:window:1.2.0] AndroidManifest.xml:24:13-54
191            android:required="false" />
191-->[androidx.window:window:1.2.0] AndroidManifest.xml:25:13-37
192        <uses-library
192-->[androidx.window:window:1.2.0] AndroidManifest.xml:26:9-28:40
193            android:name="androidx.window.sidecar"
193-->[androidx.window:window:1.2.0] AndroidManifest.xml:27:13-51
194            android:required="false" />
194-->[androidx.window:window:1.2.0] AndroidManifest.xml:28:13-37
195
196        <activity
196-->[com.google.android.gms:play-services-base:18.1.0] AndroidManifest.xml:20:9-22:45
197            android:name="com.google.android.gms.common.api.GoogleApiActivity"
197-->[com.google.android.gms:play-services-base:18.1.0] AndroidManifest.xml:20:19-85
198            android:exported="false"
198-->[com.google.android.gms:play-services-base:18.1.0] AndroidManifest.xml:22:19-43
199            android:theme="@android:style/Theme.Translucent.NoTitleBar" />
199-->[com.google.android.gms:play-services-base:18.1.0] AndroidManifest.xml:21:19-78
200
201        <provider
201-->[com.google.firebase:firebase-common:21.0.0] AndroidManifest.xml:23:9-28:39
202            android:name="com.google.firebase.provider.FirebaseInitProvider"
202-->[com.google.firebase:firebase-common:21.0.0] AndroidManifest.xml:24:13-77
203            android:authorities="com.mycompany.pawrapp.firebaseinitprovider"
203-->[com.google.firebase:firebase-common:21.0.0] AndroidManifest.xml:25:13-72
204            android:directBootAware="true"
204-->[com.google.firebase:firebase-common:21.0.0] AndroidManifest.xml:26:13-43
205            android:exported="false"
205-->[com.google.firebase:firebase-common:21.0.0] AndroidManifest.xml:27:13-37
206            android:initOrder="100" />
206-->[com.google.firebase:firebase-common:21.0.0] AndroidManifest.xml:28:13-36
207
208        <meta-data
208-->[com.google.android.gms:play-services-basement:18.3.0] AndroidManifest.xml:21:9-23:69
209            android:name="com.google.android.gms.version"
209-->[com.google.android.gms:play-services-basement:18.3.0] AndroidManifest.xml:22:13-58
210            android:value="@integer/google_play_services_version" />
210-->[com.google.android.gms:play-services-basement:18.3.0] AndroidManifest.xml:23:13-66
211
212        <provider
212-->[androidx.lifecycle:lifecycle-process:2.7.0] AndroidManifest.xml:24:9-32:20
213            android:name="androidx.startup.InitializationProvider"
213-->[androidx.lifecycle:lifecycle-process:2.7.0] AndroidManifest.xml:25:13-67
214            android:authorities="com.mycompany.pawrapp.androidx-startup"
214-->[androidx.lifecycle:lifecycle-process:2.7.0] AndroidManifest.xml:26:13-68
215            android:exported="false" >
215-->[androidx.lifecycle:lifecycle-process:2.7.0] AndroidManifest.xml:27:13-37
216            <meta-data
216-->[androidx.lifecycle:lifecycle-process:2.7.0] AndroidManifest.xml:29:13-31:52
217                android:name="androidx.lifecycle.ProcessLifecycleInitializer"
217-->[androidx.lifecycle:lifecycle-process:2.7.0] AndroidManifest.xml:30:17-78
218                android:value="androidx.startup" />
218-->[androidx.lifecycle:lifecycle-process:2.7.0] AndroidManifest.xml:31:17-49
219            <meta-data
219-->[androidx.profileinstaller:profileinstaller:1.3.1] AndroidManifest.xml:29:13-31:52
220                android:name="androidx.profileinstaller.ProfileInstallerInitializer"
220-->[androidx.profileinstaller:profileinstaller:1.3.1] AndroidManifest.xml:30:17-85
221                android:value="androidx.startup" />
221-->[androidx.profileinstaller:profileinstaller:1.3.1] AndroidManifest.xml:31:17-49
222        </provider>
223
224        <receiver
224-->[androidx.profileinstaller:profileinstaller:1.3.1] AndroidManifest.xml:34:9-52:20
225            android:name="androidx.profileinstaller.ProfileInstallReceiver"
225-->[androidx.profileinstaller:profileinstaller:1.3.1] AndroidManifest.xml:35:13-76
226            android:directBootAware="false"
226-->[androidx.profileinstaller:profileinstaller:1.3.1] AndroidManifest.xml:36:13-44
227            android:enabled="true"
227-->[androidx.profileinstaller:profileinstaller:1.3.1] AndroidManifest.xml:37:13-35
228            android:exported="true"
228-->[androidx.profileinstaller:profileinstaller:1.3.1] AndroidManifest.xml:38:13-36
229            android:permission="android.permission.DUMP" >
229-->[androidx.profileinstaller:profileinstaller:1.3.1] AndroidManifest.xml:39:13-57
230            <intent-filter>
230-->[androidx.profileinstaller:profileinstaller:1.3.1] AndroidManifest.xml:40:13-42:29
231                <action android:name="androidx.profileinstaller.action.INSTALL_PROFILE" />
231-->[androidx.profileinstaller:profileinstaller:1.3.1] AndroidManifest.xml:41:17-91
231-->[androidx.profileinstaller:profileinstaller:1.3.1] AndroidManifest.xml:41:25-88
232            </intent-filter>
233            <intent-filter>
233-->[androidx.profileinstaller:profileinstaller:1.3.1] AndroidManifest.xml:43:13-45:29
234                <action android:name="androidx.profileinstaller.action.SKIP_FILE" />
234-->[androidx.profileinstaller:profileinstaller:1.3.1] AndroidManifest.xml:44:17-85
234-->[androidx.profileinstaller:profileinstaller:1.3.1] AndroidManifest.xml:44:25-82
235            </intent-filter>
236            <intent-filter>
236-->[androidx.profileinstaller:profileinstaller:1.3.1] AndroidManifest.xml:46:13-48:29
237                <action android:name="androidx.profileinstaller.action.SAVE_PROFILE" />
237-->[androidx.profileinstaller:profileinstaller:1.3.1] AndroidManifest.xml:47:17-88
237-->[androidx.profileinstaller:profileinstaller:1.3.1] AndroidManifest.xml:47:25-85
238            </intent-filter>
239            <intent-filter>
239-->[androidx.profileinstaller:profileinstaller:1.3.1] AndroidManifest.xml:49:13-51:29
240                <action android:name="androidx.profileinstaller.action.BENCHMARK_OPERATION" />
240-->[androidx.profileinstaller:profileinstaller:1.3.1] AndroidManifest.xml:50:17-95
240-->[androidx.profileinstaller:profileinstaller:1.3.1] AndroidManifest.xml:50:25-92
241            </intent-filter>
242        </receiver>
243
244        <service
244-->[com.google.android.datatransport:transport-backend-cct:3.1.9] AndroidManifest.xml:28:9-34:19
245            android:name="com.google.android.datatransport.runtime.backends.TransportBackendDiscovery"
245-->[com.google.android.datatransport:transport-backend-cct:3.1.9] AndroidManifest.xml:29:13-103
246            android:exported="false" >
246-->[com.google.android.datatransport:transport-backend-cct:3.1.9] AndroidManifest.xml:30:13-37
247            <meta-data
247-->[com.google.android.datatransport:transport-backend-cct:3.1.9] AndroidManifest.xml:31:13-33:39
248                android:name="backend:com.google.android.datatransport.cct.CctBackendFactory"
248-->[com.google.android.datatransport:transport-backend-cct:3.1.9] AndroidManifest.xml:32:17-94
249                android:value="cct" />
249-->[com.google.android.datatransport:transport-backend-cct:3.1.9] AndroidManifest.xml:33:17-36
250        </service>
251        <service
251-->[com.google.android.datatransport:transport-runtime:3.1.9] AndroidManifest.xml:26:9-30:19
252            android:name="com.google.android.datatransport.runtime.scheduling.jobscheduling.JobInfoSchedulerService"
252-->[com.google.android.datatransport:transport-runtime:3.1.9] AndroidManifest.xml:27:13-117
253            android:exported="false"
253-->[com.google.android.datatransport:transport-runtime:3.1.9] AndroidManifest.xml:28:13-37
254            android:permission="android.permission.BIND_JOB_SERVICE" >
254-->[com.google.android.datatransport:transport-runtime:3.1.9] AndroidManifest.xml:29:13-69
255        </service>
256
257        <receiver
257-->[com.google.android.datatransport:transport-runtime:3.1.9] AndroidManifest.xml:32:9-34:40
258            android:name="com.google.android.datatransport.runtime.scheduling.jobscheduling.AlarmManagerSchedulerBroadcastReceiver"
258-->[com.google.android.datatransport:transport-runtime:3.1.9] AndroidManifest.xml:33:13-132
259            android:exported="false" />
259-->[com.google.android.datatransport:transport-runtime:3.1.9] AndroidManifest.xml:34:13-37
260    </application>
261
262</manifest>